2016-06-11 12:29:39 [scrapy] INFO: Scrapy 1.1.0 started (bot: collectips)
2016-06-11 12:29:39 [scrapy] INFO: Overridden settings: {'NEWSPIDER_MODULE': 'collectips.spiders', 'SPIDER_MODULES': ['collectips.spiders'], 'BOT_NAME': 'collectips', 'COOKIES_ENABLED': False, 'LOG_FILE': 'scrapy.log', 'DOWNLOAD_DELAY': 3}
2016-06-11 12:29:39 [scrapy] INFO: Enabled extensions:
['scrapy.extensions.logstats.LogStats',
 'scrapy.extensions.telnet.TelnetConsole',
 'scrapy.extensions.corestats.CoreStats']
2016-06-11 12:29:39 [scrapy] INFO: Enabled downloader middlewares:
['collectips.middlewares.RandomUserAgent',
 'scrapy.downloadermiddlewares.httpauth.HttpAuthMiddleware',
 'scrapy.downloadermiddlewares.downloadtimeout.DownloadTimeoutMiddleware',
 'scrapy.downloadermiddlewares.useragent.UserAgentMiddleware',
 'scrapy.downloadermiddlewares.retry.RetryMiddleware',
 'scrapy.downloadermiddlewares.defaultheaders.DefaultHeadersMiddleware',
 'scrapy.downloadermiddlewares.redirect.MetaRefreshMiddleware',
 'scrapy.downloadermiddlewares.httpcompression.HttpCompressionMiddleware',
 'scrapy.downloadermiddlewares.redirect.RedirectMiddleware',
 'scrapy.downloadermiddlewares.chunked.ChunkedTransferMiddleware',
 'scrapy.downloadermiddlewares.stats.DownloaderStats']
2016-06-11 12:29:39 [scrapy] INFO: Enabled spider middlewares:
['scrapy.spidermiddlewares.httperror.HttpErrorMiddleware',
 'scrapy.spidermiddlewares.offsite.OffsiteMiddleware',
 'scrapy.spidermiddlewares.referer.RefererMiddleware',
 'scrapy.spidermiddlewares.urllength.UrlLengthMiddleware',
 'scrapy.spidermiddlewares.depth.DepthMiddleware']
2016-06-11 12:29:39 [py.warnings] WARNING: /usr/lib/python2.7/site-packages/pkg_resources/__init__.py:1268: UserWarning: /home/moon/.python-eggs is writable by group/others and vulnerable to attack when used with get_resource_filename. Consider a more secure location (set with .set_extraction_path or the PYTHON_EGG_CACHE environment variable).
  warnings.warn(msg, UserWarning)

2016-06-11 12:29:39 [scrapy] INFO: Enabled item pipelines:
['collectips.pipelines.CollectipsPipeline']
2016-06-11 12:29:39 [scrapy] INFO: Spider opened
2016-06-11 12:29:39 [scrapy] INFO: Crawled 0 pages (at 0 pages/min), scraped 0 items (at 0 items/min)
2016-06-11 12:29:39 [scrapy] DEBUG: Telnet console listening on 127.0.0.1:6024
2016-06-11 12:29:39 [scrapy] DEBUG: Crawled (400) <GET http://www.xicidaili.com/nn/1> (referer: http://www.xicidaili.com/nn/)
2016-06-11 12:29:40 [scrapy] DEBUG: Ignoring response <400 http://www.xicidaili.com/nn/1>: HTTP status code is not handled or not allowed
2016-06-11 12:29:42 [scrapy] DEBUG: Crawled (400) <GET http://www.xicidaili.com/nn/2> (referer: http://www.xicidaili.com/nn/)
2016-06-11 12:29:42 [scrapy] DEBUG: Ignoring response <400 http://www.xicidaili.com/nn/2>: HTTP status code is not handled or not allowed
2016-06-11 12:29:45 [scrapy] DEBUG: Crawled (400) <GET http://www.xicidaili.com/nn/3> (referer: http://www.xicidaili.com/nn/)
2016-06-11 12:29:45 [scrapy] DEBUG: Ignoring response <400 http://www.xicidaili.com/nn/3>: HTTP status code is not handled or not allowed
2016-06-11 12:29:49 [scrapy] DEBUG: Crawled (400) <GET http://www.xicidaili.com/nn/4> (referer: http://www.xicidaili.com/nn/)
2016-06-11 12:29:49 [scrapy] DEBUG: Ignoring response <400 http://www.xicidaili.com/nn/4>: HTTP status code is not handled or not allowed
2016-06-11 12:29:49 [scrapy] INFO: Closing spider (finished)
2016-06-11 12:29:49 [scrapy] INFO: Dumping Scrapy stats:
{'downloader/request_bytes': 2344,
 'downloader/request_count': 4,
 'downloader/request_method_count/GET': 4,
 'downloader/response_bytes': 1204,
 'downloader/response_count': 4,
 'downloader/response_status_count/400': 4,
 'finish_reason': 'finished',
 'finish_time': datetime.datetime(2016, 6, 11, 4, 29, 49, 385576),
 'log_count/DEBUG': 9,
 'log_count/INFO': 7,
 'log_count/WARNING': 1,
 'response_received_count': 4,
 'scheduler/dequeued': 4,
 'scheduler/dequeued/memory': 4,
 'scheduler/enqueued': 4,
 'scheduler/enqueued/memory': 4,
 'start_time': datetime.datetime(2016, 6, 11, 4, 29, 39, 914442)}
2016-06-11 12:29:49 [scrapy] INFO: Spider closed (finished)
